<?xml version="1.0" encoding="UTF-8"?>
<testsuite xmlns:xsi="http://www.w3.org/2001/XMLSchema-instance" xsi:noNamespaceSchemaLocation="https://maven.apache.org/surefire/maven-surefire-plugin/xsd/surefire-test-report.xsd" name="com.datacatalog.com.AppTest" time="0.038" tests="1" errors="0" skipped="0" failures="0">
  <properties>
    <property name="awt.toolkit" value="sun.awt.X11.XToolkit"/>
    <property name="java.specification.version" value="11"/>
    <property name="sun.cpu.isalist" value=""/>
    <property name="sun.jnu.encoding" value="ANSI_X3.4-1968"/>
    <property name="java.class.path" value="/home/vivekshinde/datacatalog-java/google-datacatlog-connect/target/test-classes:/home/vivekshinde/datacatalog-java/google-datacatlog-connect/target/classes:/home/vivekshinde/.m2/repository/junit/junit/4.11/junit-4.11.jar:/home/vivekshinde/.m2/repository/org/hamcrest/hamcrest-core/1.3/hamcrest-core-1.3.jar:/home/vivekshinde/.m2/repository/com/google/cloud/google-cloud-datacatalog/1.2.0/google-cloud-datacatalog-1.2.0.jar:/home/vivekshinde/.m2/repository/io/grpc/grpc-api/1.36.0/grpc-api-1.36.0.jar:/home/vivekshinde/.m2/repository/io/grpc/grpc-context/1.36.0/grpc-context-1.36.0.jar:/home/vivekshinde/.m2/repository/com/google/code/findbugs/jsr305/3.0.2/jsr305-3.0.2.jar:/home/vivekshinde/.m2/repository/org/codehaus/mojo/animal-sniffer-annotations/1.20/animal-sniffer-annotations-1.20.jar:/home/vivekshinde/.m2/repository/io/grpc/grpc-stub/1.36.0/grpc-stub-1.36.0.jar:/home/vivekshinde/.m2/repository/com/google/errorprone/error_prone_annotations/2.5.1/error_prone_annotations-2.5.1.jar:/home/vivekshinde/.m2/repository/io/grpc/grpc-protobuf/1.36.0/grpc-protobuf-1.36.0.jar:/home/vivekshinde/.m2/repository/io/grpc/grpc-protobuf-lite/1.36.0/grpc-protobuf-lite-1.36.0.jar:/home/vivekshinde/.m2/repository/com/google/api/api-common/1.10.1/api-common-1.10.1.jar:/home/vivekshinde/.m2/repository/javax/annotation/javax.annotation-api/1.3.2/javax.annotation-api-1.3.2.jar:/home/vivekshinde/.m2/repository/com/google/auto/value/auto-value-annotations/1.7.4/auto-value-annotations-1.7.4.jar:/home/vivekshinde/.m2/repository/com/google/protobuf/protobuf-java/3.15.5/protobuf-java-3.15.5.jar:/home/vivekshinde/.m2/repository/com/google/api/grpc/proto-google-common-protos/2.1.0/proto-google-common-protos-2.1.0.jar:/home/vivekshinde/.m2/repository/com/google/api/grpc/proto-google-iam-v1/1.0.10/proto-google-iam-v1-1.0.10.jar:/home/vivekshinde/.m2/repository/com/google/api/grpc/proto-google-cloud-datacatalog-v1/1.2.0/proto-google-cloud-datacatalog-v1-1.2.0.jar:/home/vivekshinde/.m2/repository/com/google/api/grpc/proto-google-cloud-datacatalog-v1beta1/0.39.0/proto-google-cloud-datacatalog-v1beta1-0.39.0.jar:/home/vivekshinde/.m2/repository/com/google/guava/guava/30.1-android/guava-30.1-android.jar:/home/vivekshinde/.m2/repository/com/google/guava/failureaccess/1.0.1/failureaccess-1.0.1.jar:/home/vivekshinde/.m2/repository/com/google/guava/listenablefuture/9999.0-empty-to-avoid-conflict-with-guava/listenablefuture-9999.0-empty-to-avoid-conflict-with-guava.jar:/home/vivekshinde/.m2/repository/org/checkerframework/checker-compat-qual/2.5.5/checker-compat-qual-2.5.5.jar:/home/vivekshinde/.m2/repository/com/google/j2objc/j2objc-annotations/1.3/j2objc-annotations-1.3.jar:/home/vivekshinde/.m2/repository/com/google/api/gax/1.62.0/gax-1.62.0.jar:/home/vivekshinde/.m2/repository/com/google/http-client/google-http-client/1.39.0/google-http-client-1.39.0.jar:/home/vivekshinde/.m2/repository/org/apache/httpcomponents/httpclient/4.5.13/httpclient-4.5.13.jar:/home/vivekshinde/.m2/repository/commons-logging/commons-logging/1.2/commons-logging-1.2.jar:/home/vivekshinde/.m2/repository/commons-codec/commons-codec/1.15/commons-codec-1.15.jar:/home/vivekshinde/.m2/repository/org/apache/httpcomponents/httpcore/4.4.14/httpcore-4.4.14.jar:/home/vivekshinde/.m2/repository/io/opencensus/opencensus-contrib-http-util/0.28.0/opencensus-contrib-http-util-0.28.0.jar:/home/vivekshinde/.m2/repository/com/google/http-client/google-http-client-gson/1.39.0/google-http-client-gson-1.39.0.jar:/home/vivekshinde/.m2/repository/com/google/code/gson/gson/2.8.6/gson-2.8.6.jar:/home/vivekshinde/.m2/repository/io/opencensus/opencensus-api/0.28.0/opencensus-api-0.28.0.jar:/home/vivekshinde/.m2/repository/com/google/api/gax-grpc/1.62.0/gax-grpc-1.62.0.jar:/home/vivekshinde/.m2/repository/io/grpc/grpc-auth/1.36.0/grpc-auth-1.36.0.jar:/home/vivekshinde/.m2/repository/com/google/auth/google-auth-library-credentials/0.24.1/google-auth-library-credentials-0.24.1.jar:/home/vivekshinde/.m2/repository/io/grpc/grpc-netty-shaded/1.36.0/grpc-netty-shaded-1.36.0.jar:/home/vivekshinde/.m2/repository/io/grpc/grpc-core/1.36.0/grpc-core-1.36.0.jar:/home/vivekshinde/.m2/repository/com/google/android/annotations/4.1.1.4/annotations-4.1.1.4.jar:/home/vivekshinde/.m2/repository/io/perfmark/perfmark-api/0.23.0/perfmark-api-0.23.0.jar:/home/vivekshinde/.m2/repository/io/grpc/grpc-alts/1.36.0/grpc-alts-1.36.0.jar:/home/vivekshinde/.m2/repository/io/grpc/grpc-grpclb/1.36.0/grpc-grpclb-1.36.0.jar:/home/vivekshinde/.m2/repository/com/google/protobuf/protobuf-java-util/3.15.5/protobuf-java-util-3.15.5.jar:/home/vivekshinde/.m2/repository/org/conscrypt/conscrypt-openjdk-uber/2.5.1/conscrypt-openjdk-uber-2.5.1.jar:/home/vivekshinde/.m2/repository/org/threeten/threetenbp/1.5.0/threetenbp-1.5.0.jar:/home/vivekshinde/.m2/repository/com/google/auth/google-auth-library-oauth2-http/0.25.2/google-auth-library-oauth2-http-0.25.2.jar:"/>
    <property name="java.vm.vendor" value="Debian"/>
    <property name="sun.arch.data.model" value="64"/>
    <property name="java.vendor.url" value="https://tracker.debian.org/openjdk-11"/>
    <property name="user.timezone" value=""/>
    <property name="java.vm.specification.version" value="11"/>
    <property name="os.name" value="Linux"/>
    <property name="sun.java.launcher" value="SUN_STANDARD"/>
    <property name="user.country" value="US"/>
    <property name="sun.boot.library.path" value="/usr/lib/jvm/java-11-openjdk-amd64/lib"/>
    <property name="sun.java.command" value="/home/vivekshinde/datacatalog-java/google-datacatlog-connect/target/surefire/surefirebooter1559864701540892715.jar /home/vivekshinde/datacatalog-java/google-datacatlog-connect/target/surefire 2021-03-25T15-59-36_614-jvmRun1 surefire9289966842952268410tmp surefire_04470477964281686281tmp"/>
    <property name="jdk.debug" value="release"/>
    <property name="surefire.test.class.path" value="/home/vivekshinde/datacatalog-java/google-datacatlog-connect/target/test-classes:/home/vivekshinde/datacatalog-java/google-datacatlog-connect/target/classes:/home/vivekshinde/.m2/repository/junit/junit/4.11/junit-4.11.jar:/home/vivekshinde/.m2/repository/org/hamcrest/hamcrest-core/1.3/hamcrest-core-1.3.jar:/home/vivekshinde/.m2/repository/com/google/cloud/google-cloud-datacatalog/1.2.0/google-cloud-datacatalog-1.2.0.jar:/home/vivekshinde/.m2/repository/io/grpc/grpc-api/1.36.0/grpc-api-1.36.0.jar:/home/vivekshinde/.m2/repository/io/grpc/grpc-context/1.36.0/grpc-context-1.36.0.jar:/home/vivekshinde/.m2/repository/com/google/code/findbugs/jsr305/3.0.2/jsr305-3.0.2.jar:/home/vivekshinde/.m2/repository/org/codehaus/mojo/animal-sniffer-annotations/1.20/animal-sniffer-annotations-1.20.jar:/home/vivekshinde/.m2/repository/io/grpc/grpc-stub/1.36.0/grpc-stub-1.36.0.jar:/home/vivekshinde/.m2/repository/com/google/errorprone/error_prone_annotations/2.5.1/error_prone_annotations-2.5.1.jar:/home/vivekshinde/.m2/repository/io/grpc/grpc-protobuf/1.36.0/grpc-protobuf-1.36.0.jar:/home/vivekshinde/.m2/repository/io/grpc/grpc-protobuf-lite/1.36.0/grpc-protobuf-lite-1.36.0.jar:/home/vivekshinde/.m2/repository/com/google/api/api-common/1.10.1/api-common-1.10.1.jar:/home/vivekshinde/.m2/repository/javax/annotation/javax.annotation-api/1.3.2/javax.annotation-api-1.3.2.jar:/home/vivekshinde/.m2/repository/com/google/auto/value/auto-value-annotations/1.7.4/auto-value-annotations-1.7.4.jar:/home/vivekshinde/.m2/repository/com/google/protobuf/protobuf-java/3.15.5/protobuf-java-3.15.5.jar:/home/vivekshinde/.m2/repository/com/google/api/grpc/proto-google-common-protos/2.1.0/proto-google-common-protos-2.1.0.jar:/home/vivekshinde/.m2/repository/com/google/api/grpc/proto-google-iam-v1/1.0.10/proto-google-iam-v1-1.0.10.jar:/home/vivekshinde/.m2/repository/com/google/api/grpc/proto-google-cloud-datacatalog-v1/1.2.0/proto-google-cloud-datacatalog-v1-1.2.0.jar:/home/vivekshinde/.m2/repository/com/google/api/grpc/proto-google-cloud-datacatalog-v1beta1/0.39.0/proto-google-cloud-datacatalog-v1beta1-0.39.0.jar:/home/vivekshinde/.m2/repository/com/google/guava/guava/30.1-android/guava-30.1-android.jar:/home/vivekshinde/.m2/repository/com/google/guava/failureaccess/1.0.1/failureaccess-1.0.1.jar:/home/vivekshinde/.m2/repository/com/google/guava/listenablefuture/9999.0-empty-to-avoid-conflict-with-guava/listenablefuture-9999.0-empty-to-avoid-conflict-with-guava.jar:/home/vivekshinde/.m2/repository/org/checkerframework/checker-compat-qual/2.5.5/checker-compat-qual-2.5.5.jar:/home/vivekshinde/.m2/repository/com/google/j2objc/j2objc-annotations/1.3/j2objc-annotations-1.3.jar:/home/vivekshinde/.m2/repository/com/google/api/gax/1.62.0/gax-1.62.0.jar:/home/vivekshinde/.m2/repository/com/google/http-client/google-http-client/1.39.0/google-http-client-1.39.0.jar:/home/vivekshinde/.m2/repository/org/apache/httpcomponents/httpclient/4.5.13/httpclient-4.5.13.jar:/home/vivekshinde/.m2/repository/commons-logging/commons-logging/1.2/commons-logging-1.2.jar:/home/vivekshinde/.m2/repository/commons-codec/commons-codec/1.15/commons-codec-1.15.jar:/home/vivekshinde/.m2/repository/org/apache/httpcomponents/httpcore/4.4.14/httpcore-4.4.14.jar:/home/vivekshinde/.m2/repository/io/opencensus/opencensus-contrib-http-util/0.28.0/opencensus-contrib-http-util-0.28.0.jar:/home/vivekshinde/.m2/repository/com/google/http-client/google-http-client-gson/1.39.0/google-http-client-gson-1.39.0.jar:/home/vivekshinde/.m2/repository/com/google/code/gson/gson/2.8.6/gson-2.8.6.jar:/home/vivekshinde/.m2/repository/io/opencensus/opencensus-api/0.28.0/opencensus-api-0.28.0.jar:/home/vivekshinde/.m2/repository/com/google/api/gax-grpc/1.62.0/gax-grpc-1.62.0.jar:/home/vivekshinde/.m2/repository/io/grpc/grpc-auth/1.36.0/grpc-auth-1.36.0.jar:/home/vivekshinde/.m2/repository/com/google/auth/google-auth-library-credentials/0.24.1/google-auth-library-credentials-0.24.1.jar:/home/vivekshinde/.m2/repository/io/grpc/grpc-netty-shaded/1.36.0/grpc-netty-shaded-1.36.0.jar:/home/vivekshinde/.m2/repository/io/grpc/grpc-core/1.36.0/grpc-core-1.36.0.jar:/home/vivekshinde/.m2/repository/com/google/android/annotations/4.1.1.4/annotations-4.1.1.4.jar:/home/vivekshinde/.m2/repository/io/perfmark/perfmark-api/0.23.0/perfmark-api-0.23.0.jar:/home/vivekshinde/.m2/repository/io/grpc/grpc-alts/1.36.0/grpc-alts-1.36.0.jar:/home/vivekshinde/.m2/repository/io/grpc/grpc-grpclb/1.36.0/grpc-grpclb-1.36.0.jar:/home/vivekshinde/.m2/repository/com/google/protobuf/protobuf-java-util/3.15.5/protobuf-java-util-3.15.5.jar:/home/vivekshinde/.m2/repository/org/conscrypt/conscrypt-openjdk-uber/2.5.1/conscrypt-openjdk-uber-2.5.1.jar:/home/vivekshinde/.m2/repository/org/threeten/threetenbp/1.5.0/threetenbp-1.5.0.jar:/home/vivekshinde/.m2/repository/com/google/auth/google-auth-library-oauth2-http/0.25.2/google-auth-library-oauth2-http-0.25.2.jar:"/>
    <property name="sun.cpu.endian" value="little"/>
    <property name="user.home" value="/home/vivekshinde"/>
    <property name="user.language" value="en"/>
    <property name="java.specification.vendor" value="Oracle Corporation"/>
    <property name="java.version.date" value="2020-11-04"/>
    <property name="java.home" value="/usr/lib/jvm/java-11-openjdk-amd64"/>
    <property name="file.separator" value="/"/>
    <property name="basedir" value="/home/vivekshinde/datacatalog-java/google-datacatlog-connect"/>
    <property name="java.vm.compressedOopsMode" value="Zero based"/>
    <property name="line.separator" value="&#10;"/>
    <property name="java.specification.name" value="Java Platform API Specification"/>
    <property name="java.vm.specification.vendor" value="Oracle Corporation"/>
    <property name="java.awt.graphicsenv" value="sun.awt.X11GraphicsEnvironment"/>
    <property name="surefire.real.class.path" value="/home/vivekshinde/datacatalog-java/google-datacatlog-connect/target/surefire/surefirebooter1559864701540892715.jar"/>
    <property name="sun.management.compiler" value="HotSpot 64-Bit Tiered Compilers"/>
    <property name="java.runtime.version" value="11.0.9.1+1-post-Debian-1deb10u2"/>
    <property name="user.name" value="vivekshinde"/>
    <property name="path.separator" value=":"/>
    <property name="os.version" value="5.4.89+"/>
    <property name="java.runtime.name" value="OpenJDK Runtime Environment"/>
    <property name="file.encoding" value="ANSI_X3.4-1968"/>
    <property name="java.vm.name" value="OpenJDK 64-Bit Server VM"/>
    <property name="localRepository" value="/home/vivekshinde/.m2/repository"/>
    <property name="java.vendor.url.bug" value="https://bugs.debian.org/openjdk-11"/>
    <property name="java.io.tmpdir" value="/tmp"/>
    <property name="java.version" value="11.0.9.1"/>
    <property name="user.dir" value="/home/vivekshinde/datacatalog-java/google-datacatlog-connect"/>
    <property name="os.arch" value="amd64"/>
    <property name="java.vm.specification.name" value="Java Virtual Machine Specification"/>
    <property name="java.awt.printerjob" value="sun.print.PSPrinterJob"/>
    <property name="sun.os.patch.level" value="unknown"/>
    <property name="java.library.path" value="/usr/java/packages/lib:/usr/lib/x86_64-linux-gnu/jni:/lib/x86_64-linux-gnu:/usr/lib/x86_64-linux-gnu:/usr/lib/jni:/lib:/usr/lib"/>
    <property name="java.vm.info" value="mixed mode, sharing"/>
    <property name="java.vendor" value="Debian"/>
    <property name="java.vm.version" value="11.0.9.1+1-post-Debian-1deb10u2"/>
    <property name="sun.io.unicode.encoding" value="UnicodeLittle"/>
    <property name="java.class.version" value="55.0"/>
  </properties>
  <testcase name="shouldAnswerWithTrue" classname="com.datacatalog.com.AppTest" time="0.002"/>
</testsuite>